This is pdfTeX, Version 3.14159265-2.6-1.40.16 (MiKTeX 2.9) (preloaded format=pdflatex 2015.10.11)  13 OCT 2015 22:23
entering extended mode
**AllReferences
(AllReferences.tex
LaTeX2e <2015/10/01> patch level 1
Babel <3.9m> and hyphenation patterns for 69 languages loaded.
(F:\ProgramFiles(x86)NoSpaces\MiKTeX2.9\tex\latex\base\article.cls
Document Class: article 2014/09/29 v1.4h Standard LaTeX document class
(F:\ProgramFiles(x86)NoSpaces\MiKTeX2.9\tex\latex\base\size10.clo
File: size10.clo 2014/09/29 v1.4h Standard LaTeX file (size option)
)
\c@part=\count79
\c@section=\count80
\c@subsection=\count81
\c@subsubsection=\count82
\c@paragraph=\count83
\c@subparagraph=\count84
\c@figure=\count85
\c@table=\count86
\abovecaptionskip=\skip41
\belowcaptionskip=\skip42
\bibindent=\dimen102
)
(F:\ProgramFiles(x86)NoSpaces\MiKTeX2.9\tex\latex\csquotes\csquotes.sty
Package: csquotes 2015/07/18 v5.1f context-sensitive quotations (JAW)

(F:\ProgramFiles(x86)NoSpaces\MiKTeX2.9\tex\latex\etoolbox\etoolbox.sty
Package: etoolbox 2015/08/02 v2.2a e-TeX tools for LaTeX (JAW)
\etb@tempcnta=\count87
)
(F:\ProgramFiles(x86)NoSpaces\MiKTeX2.9\tex\latex\graphics\keyval.sty
Package: keyval 2014/10/28 v1.15 key=value parser (DPC)
\KV@toks@=\toks14
)
\csq@reset=\count88
\csq@gtype=\count89
\csq@glevel=\count90
\csq@qlevel=\count91
\csq@maxlvl=\count92
\csq@tshold=\count93
\csq@ltx@everypar=\toks15

(F:\ProgramFiles(x86)NoSpaces\MiKTeX2.9\tex\latex\csquotes\csquotes.def
File: csquotes.def 2015/07/18 v5.1f csquotes generic definitions (JAW)
)
Package csquotes Info: Trying to load configuration file 'csquotes.cfg'...
Package csquotes Info: ... configuration file loaded successfully.

(F:\ProgramFiles(x86)NoSpaces\MiKTeX2.9\tex\latex\csquotes\csquotes.cfg
File: csquotes.cfg 
)
Package csquotes Info: Enabling multilingual quotes.
)
(F:\ProgramFiles(x86)NoSpaces\MiKTeX2.9\tex\latex\base\inputenc.sty
Package: inputenc 2015/03/17 v1.2c Input encoding file
\inpenc@prehook=\toks16
\inpenc@posthook=\toks17

(F:\ProgramFiles(x86)NoSpaces\MiKTeX2.9\tex\latex\base\utf8.def
File: utf8.def 2015/09/07 v1.1p UTF-8 support for inputenc
Now handling font encoding OML ...
... no UTF-8 mapping file for font encoding OML
Now handling font encoding T1 ...
... processing UTF-8 mapping file for font encoding T1

(F:\ProgramFiles(x86)NoSpaces\MiKTeX2.9\tex\latex\base\t1enc.dfu
File: t1enc.dfu 2015/09/07 v1.1p UTF-8 support for inputenc
   defining Unicode char U+00A0 (decimal 160)
   defining Unicode char U+00A1 (decimal 161)
   defining Unicode char U+00A3 (decimal 163)
   defining Unicode char U+00AB (decimal 171)
   defining Unicode char U+00AD (decimal 173)
   defining Unicode char U+00BB (decimal 187)
   defining Unicode char U+00BF (decimal 191)
   defining Unicode char U+00C0 (decimal 192)
   defining Unicode char U+00C1 (decimal 193)
   defining Unicode char U+00C2 (decimal 194)
   defining Unicode char U+00C3 (decimal 195)
   defining Unicode char U+00C4 (decimal 196)
   defining Unicode char U+00C5 (decimal 197)
   defining Unicode char U+00C6 (decimal 198)
   defining Unicode char U+00C7 (decimal 199)
   defining Unicode char U+00C8 (decimal 200)
   defining Unicode char U+00C9 (decimal 201)
   defining Unicode char U+00CA (decimal 202)
   defining Unicode char U+00CB (decimal 203)
   defining Unicode char U+00CC (decimal 204)
   defining Unicode char U+00CD (decimal 205)
   defining Unicode char U+00CE (decimal 206)
   defining Unicode char U+00CF (decimal 207)
   defining Unicode char U+00D0 (decimal 208)
   defining Unicode char U+00D1 (decimal 209)
   defining Unicode char U+00D2 (decimal 210)
   defining Unicode char U+00D3 (decimal 211)
   defining Unicode char U+00D4 (decimal 212)
   defining Unicode char U+00D5 (decimal 213)
   defining Unicode char U+00D6 (decimal 214)
   defining Unicode char U+00D8 (decimal 216)
   defining Unicode char U+00D9 (decimal 217)
   defining Unicode char U+00DA (decimal 218)
   defining Unicode char U+00DB (decimal 219)
   defining Unicode char U+00DC (decimal 220)
   defining Unicode char U+00DD (decimal 221)
   defining Unicode char U+00DE (decimal 222)
   defining Unicode char U+00DF (decimal 223)
   defining Unicode char U+00E0 (decimal 224)
   defining Unicode char U+00E1 (decimal 225)
   defining Unicode char U+00E2 (decimal 226)
   defining Unicode char U+00E3 (decimal 227)
   defining Unicode char U+00E4 (decimal 228)
   defining Unicode char U+00E5 (decimal 229)
   defining Unicode char U+00E6 (decimal 230)
   defining Unicode char U+00E7 (decimal 231)
   defining Unicode char U+00E8 (decimal 232)
   defining Unicode char U+00E9 (decimal 233)
   defining Unicode char U+00EA (decimal 234)
   defining Unicode char U+00EB (decimal 235)
   defining Unicode char U+00EC (decimal 236)
   defining Unicode char U+00ED (decimal 237)
   defining Unicode char U+00EE (decimal 238)
   defining Unicode char U+00EF (decimal 239)
   defining Unicode char U+00F0 (decimal 240)
   defining Unicode char U+00F1 (decimal 241)
   defining Unicode char U+00F2 (decimal 242)
   defining Unicode char U+00F3 (decimal 243)
   defining Unicode char U+00F4 (decimal 244)
   defining Unicode char U+00F5 (decimal 245)
   defining Unicode char U+00F6 (decimal 246)
   defining Unicode char U+00F8 (decimal 248)
   defining Unicode char U+00F9 (decimal 249)
   defining Unicode char U+00FA (decimal 250)
   defining Unicode char U+00FB (decimal 251)
   defining Unicode char U+00FC (decimal 252)
   defining Unicode char U+00FD (decimal 253)
   defining Unicode char U+00FE (decimal 254)
   defining Unicode char U+00FF (decimal 255)
   defining Unicode char U+0102 (decimal 258)
   defining Unicode char U+0103 (decimal 259)
   defining Unicode char U+0104 (decimal 260)
   defining Unicode char U+0105 (decimal 261)
   defining Unicode char U+0106 (decimal 262)
   defining Unicode char U+0107 (decimal 263)
   defining Unicode char U+010C (decimal 268)
   defining Unicode char U+010D (decimal 269)
   defining Unicode char U+010E (decimal 270)
   defining Unicode char U+010F (decimal 271)
   defining Unicode char U+0110 (decimal 272)
   defining Unicode char U+0111 (decimal 273)
   defining Unicode char U+0118 (decimal 280)
   defining Unicode char U+0119 (decimal 281)
   defining Unicode char U+011A (decimal 282)
   defining Unicode char U+011B (decimal 283)
   defining Unicode char U+011E (decimal 286)
   defining Unicode char U+011F (decimal 287)
   defining Unicode char U+0130 (decimal 304)
   defining Unicode char U+0131 (decimal 305)
   defining Unicode char U+0132 (decimal 306)
   defining Unicode char U+0133 (decimal 307)
   defining Unicode char U+0139 (decimal 313)
   defining Unicode char U+013A (decimal 314)
   defining Unicode char U+013D (decimal 317)
   defining Unicode char U+013E (decimal 318)
   defining Unicode char U+0141 (decimal 321)
   defining Unicode char U+0142 (decimal 322)
   defining Unicode char U+0143 (decimal 323)
   defining Unicode char U+0144 (decimal 324)
   defining Unicode char U+0147 (decimal 327)
   defining Unicode char U+0148 (decimal 328)
   defining Unicode char U+014A (decimal 330)
   defining Unicode char U+014B (decimal 331)
   defining Unicode char U+0150 (decimal 336)
   defining Unicode char U+0151 (decimal 337)
   defining Unicode char U+0152 (decimal 338)
   defining Unicode char U+0153 (decimal 339)
   defining Unicode char U+0154 (decimal 340)
   defining Unicode char U+0155 (decimal 341)
   defining Unicode char U+0158 (decimal 344)
   defining Unicode char U+0159 (decimal 345)
   defining Unicode char U+015A (decimal 346)
   defining Unicode char U+015B (decimal 347)
   defining Unicode char U+015E (decimal 350)
   defining Unicode char U+015F (decimal 351)
   defining Unicode char U+0160 (decimal 352)
   defining Unicode char U+0161 (decimal 353)
   defining Unicode char U+0162 (decimal 354)
   defining Unicode char U+0163 (decimal 355)
   defining Unicode char U+0164 (decimal 356)
   defining Unicode char U+0165 (decimal 357)
   defining Unicode char U+016E (decimal 366)
   defining Unicode char U+016F (decimal 367)
   defining Unicode char U+0170 (decimal 368)
   defining Unicode char U+0171 (decimal 369)
   defining Unicode char U+0174 (decimal 372)
   defining Unicode char U+0175 (decimal 373)
   defining Unicode char U+0176 (decimal 374)
   defining Unicode char U+0177 (decimal 375)
   defining Unicode char U+0178 (decimal 376)
   defining Unicode char U+0179 (decimal 377)
   defining Unicode char U+017A (decimal 378)
   defining Unicode char U+017B (decimal 379)
   defining Unicode char U+017C (decimal 380)
   defining Unicode char U+017D (decimal 381)
   defining Unicode char U+017E (decimal 382)
   defining Unicode char U+0218 (decimal 536)
   defining Unicode char U+0219 (decimal 537)
   defining Unicode char U+021A (decimal 538)
   defining Unicode char U+021B (decimal 539)
   defining Unicode char U+200C (decimal 8204)
   defining Unicode char U+2013 (decimal 8211)
   defining Unicode char U+2014 (decimal 8212)
   defining Unicode char U+2018 (decimal 8216)
   defining Unicode char U+2019 (decimal 8217)
   defining Unicode char U+201A (decimal 8218)
   defining Unicode char U+201C (decimal 8220)
   defining Unicode char U+201D (decimal 8221)
   defining Unicode char U+201E (decimal 8222)
   defining Unicode char U+2030 (decimal 8240)
   defining Unicode char U+2031 (decimal 8241)
   defining Unicode char U+2039 (decimal 8249)
   defining Unicode char U+203A (decimal 8250)
   defining Unicode char U+2423 (decimal 9251)
)
Now handling font encoding OT1 ...
... processing UTF-8 mapping file for font encoding OT1

(F:\ProgramFiles(x86)NoSpaces\MiKTeX2.9\tex\latex\base\ot1enc.dfu
File: ot1enc.dfu 2015/09/07 v1.1p UTF-8 support for inputenc
   defining Unicode char U+00A0 (decimal 160)
   defining Unicode char U+00A1 (decimal 161)
   defining Unicode char U+00A3 (decimal 163)
   defining Unicode char U+00AD (decimal 173)
   defining Unicode char U+00B8 (decimal 184)
   defining Unicode char U+00BF (decimal 191)
   defining Unicode char U+00C5 (decimal 197)
   defining Unicode char U+00C6 (decimal 198)
   defining Unicode char U+00D8 (decimal 216)
   defining Unicode char U+00DF (decimal 223)
   defining Unicode char U+00E6 (decimal 230)
   defining Unicode char U+00EC (decimal 236)
   defining Unicode char U+00ED (decimal 237)
   defining Unicode char U+00EE (decimal 238)
   defining Unicode char U+00EF (decimal 239)
   defining Unicode char U+00F8 (decimal 248)
   defining Unicode char U+0131 (decimal 305)
   defining Unicode char U+0141 (decimal 321)
   defining Unicode char U+0142 (decimal 322)
   defining Unicode char U+0152 (decimal 338)
   defining Unicode char U+0153 (decimal 339)
   defining Unicode char U+0174 (decimal 372)
   defining Unicode char U+0175 (decimal 373)
   defining Unicode char U+0176 (decimal 374)
   defining Unicode char U+0177 (decimal 375)
   defining Unicode char U+0218 (decimal 536)
   defining Unicode char U+0219 (decimal 537)
   defining Unicode char U+021A (decimal 538)
   defining Unicode char U+021B (decimal 539)
   defining Unicode char U+2013 (decimal 8211)
   defining Unicode char U+2014 (decimal 8212)
   defining Unicode char U+2018 (decimal 8216)
   defining Unicode char U+2019 (decimal 8217)
   defining Unicode char U+201C (decimal 8220)
   defining Unicode char U+201D (decimal 8221)
)
Now handling font encoding OMS ...
... processing UTF-8 mapping file for font encoding OMS

(F:\ProgramFiles(x86)NoSpaces\MiKTeX2.9\tex\latex\base\omsenc.dfu
File: omsenc.dfu 2015/09/07 v1.1p UTF-8 support for inputenc
   defining Unicode char U+00A7 (decimal 167)
   defining Unicode char U+00B6 (decimal 182)
   defining Unicode char U+00B7 (decimal 183)
   defining Unicode char U+2020 (decimal 8224)
   defining Unicode char U+2021 (decimal 8225)
   defining Unicode char U+2022 (decimal 8226)
)
Now handling font encoding OMX ...
... no UTF-8 mapping file for font encoding OMX
Now handling font encoding U ...
... no UTF-8 mapping file for font encoding U
   defining Unicode char U+00A9 (decimal 169)
   defining Unicode char U+00AA (decimal 170)
   defining Unicode char U+00AE (decimal 174)
   defining Unicode char U+00BA (decimal 186)
   defining Unicode char U+02C6 (decimal 710)
   defining Unicode char U+02DC (decimal 732)
   defining Unicode char U+200C (decimal 8204)
   defining Unicode char U+2026 (decimal 8230)
   defining Unicode char U+2122 (decimal 8482)
   defining Unicode char U+2423 (decimal 9251)
))
(F:\ProgramFiles(x86)NoSpaces\MiKTeX2.9\tex\latex\tools\longtable.sty
Package: longtable 2014/10/28 v4.11 Multi-page Table package (DPC)
\LTleft=\skip43
\LTright=\skip44
\LTpre=\skip45
\LTpost=\skip46
\LTchunksize=\count94
\LTcapwidth=\dimen103
\LT@head=\box26
\LT@firsthead=\box27
\LT@foot=\box28
\LT@lastfoot=\box29
\LT@cols=\count95
\LT@rows=\count96
\c@LT@tables=\count97
\c@LT@chunks=\count98
\LT@p@ftn=\toks18
)
(F:\ProgramFiles(x86)NoSpaces\MiKTeX2.9\tex\latex\biblatex\biblatex.sty
Package: biblatex 2015/04/19 v3.0 programmable bibliographies (PK/JW/AB)

(F:\ProgramFiles(x86)NoSpaces\MiKTeX2.9\tex\latex\biblatex\biblatex2.sty
Package: biblatex2 2015/04/19 v3.0 programmable bibliographies (biber) (PK/JW/A
B)

(F:\ProgramFiles(x86)NoSpaces\MiKTeX2.9\tex\latex\oberdiek\kvoptions.sty
Package: kvoptions 2011/06/30 v3.11 Key value format for package options (HO)

(F:\ProgramFiles(x86)NoSpaces\MiKTeX2.9\tex\generic\oberdiek\ltxcmds.sty
Package: ltxcmds 2011/11/09 v1.22 LaTeX kernel commands for general use (HO)
)
(F:\ProgramFiles(x86)NoSpaces\MiKTeX2.9\tex\generic\oberdiek\kvsetkeys.sty
Package: kvsetkeys 2012/04/25 v1.16 Key value parser (HO)

(F:\ProgramFiles(x86)NoSpaces\MiKTeX2.9\tex\generic\oberdiek\infwarerr.sty
Package: infwarerr 2010/04/08 v1.3 Providing info/warning/error messages (HO)
)
(F:\ProgramFiles(x86)NoSpaces\MiKTeX2.9\tex\generic\oberdiek\etexcmds.sty
Package: etexcmds 2011/02/16 v1.5 Avoid name clashes with e-TeX commands (HO)

(F:\ProgramFiles(x86)NoSpaces\MiKTeX2.9\tex\generic\oberdiek\ifluatex.sty
Package: ifluatex 2010/03/01 v1.3 Provides the ifluatex switch (HO)
Package ifluatex Info: LuaTeX not detected.
)
Package etexcmds Info: Could not find \expanded.
(etexcmds)             That can mean that you are not using pdfTeX 1.50 or
(etexcmds)             that some package has redefined \expanded.
(etexcmds)             In the latter case, load this package earlier.
)))
(F:\ProgramFiles(x86)NoSpaces\MiKTeX2.9\tex\latex\logreq\logreq.sty
Package: logreq 2010/08/04 v1.0 xml request logger
\lrq@indent=\count99

(F:\ProgramFiles(x86)NoSpaces\MiKTeX2.9\tex\latex\logreq\logreq.def
File: logreq.def 2010/08/04 v1.0 logreq spec v1.0
))
(F:\ProgramFiles(x86)NoSpaces\MiKTeX2.9\tex\latex\base\ifthen.sty
Package: ifthen 2014/09/29 v1.1c Standard LaTeX ifthen package (DPC)
)
(F:\ProgramFiles(x86)NoSpaces\MiKTeX2.9\tex\latex\url\url.sty
\Urlmuskip=\muskip10
Package: url 2013/09/16  ver 3.4  Verb mode for urls, etc.
)
\c@tabx@nest=\count100
\c@listtotal=\count101
\c@listcount=\count102
\c@liststart=\count103
\c@liststop=\count104
\c@citecount=\count105
\c@citetotal=\count106
\c@multicitecount=\count107
\c@multicitetotal=\count108
\c@instcount=\count109
\c@maxnames=\count110
\c@minnames=\count111
\c@maxitems=\count112
\c@minitems=\count113
\c@citecounter=\count114
\c@savedcitecounter=\count115
\c@uniquelist=\count116
\c@uniquename=\count117
\c@refsection=\count118
\c@refsegment=\count119
\c@maxextratitle=\count120
\c@maxextratitleyear=\count121
\c@maxextrayear=\count122
\c@maxextraalpha=\count123
\c@abbrvpenalty=\count124
\c@highnamepenalty=\count125
\c@lownamepenalty=\count126
\c@maxparens=\count127
\c@parenlevel=\count128
\blx@tempcnta=\count129
\blx@tempcntb=\count130
\blx@tempcntc=\count131
\blx@maxsection=\count132
\blx@maxsegment@0=\count133
\blx@notetype=\count134
\blx@parenlevel@text=\count135
\blx@parenlevel@foot=\count136
\blx@sectionciteorder@0=\count137
\labelnumberwidth=\skip47
\labelalphawidth=\skip48
\biblabelsep=\skip49
\bibitemsep=\skip50
\bibnamesep=\skip51
\bibinitsep=\skip52
\bibparsep=\skip53
\bibhang=\skip54
\blx@bcfin=\read1
\blx@bcfout=\write3
\c@mincomprange=\count138
\c@maxcomprange=\count139
\c@mincompwidth=\count140
Package biblatex Info: Trying to load biblatex default data model...
Package biblatex Info: ... file 'blx-dm.def' found.

(F:\ProgramFiles(x86)NoSpaces\MiKTeX2.9\tex\latex\biblatex\blx-dm.def)
Package biblatex Info: Trying to load biblatex style data model...
Package biblatex Info: ... file 'numeric.dbx' not found.
Package biblatex Info: Trying to load biblatex custom data model...
Package biblatex Info: ... file 'biblatex-dm.cfg' not found.
\c@afterword=\count141
\c@savedafterword=\count142
\c@annotator=\count143
\c@savedannotator=\count144
\c@author=\count145
\c@savedauthor=\count146
\c@bookauthor=\count147
\c@savedbookauthor=\count148
\c@commentator=\count149
\c@savedcommentator=\count150
\c@editor=\count151
\c@savededitor=\count152
\c@editora=\count153
\c@savededitora=\count154
\c@editorb=\count155
\c@savededitorb=\count156
\c@editorc=\count157
\c@savededitorc=\count158
\c@foreword=\count159
\c@savedforeword=\count160
\c@holder=\count161
\c@savedholder=\count162
\c@introduction=\count163
\c@savedintroduction=\count164
\c@namea=\count165
\c@savednamea=\count166
\c@nameb=\count167
\c@savednameb=\count168
\c@namec=\count169
\c@savednamec=\count170
\c@translator=\count171
\c@savedtranslator=\count172
\c@shortauthor=\count173
\c@savedshortauthor=\count174
\c@shorteditor=\count175
\c@savedshorteditor=\count176
\c@labelname=\count177
\c@savedlabelname=\count178
\c@institution=\count179
\c@savedinstitution=\count180
\c@lista=\count181
\c@savedlista=\count182
\c@listb=\count183
\c@savedlistb=\count184
\c@listc=\count185
\c@savedlistc=\count186
\c@listd=\count187
\c@savedlistd=\count188
\c@liste=\count189
\c@savedliste=\count190
\c@listf=\count191
\c@savedlistf=\count192
\c@location=\count193
\c@savedlocation=\count194
\c@organization=\count195
\c@savedorganization=\count196
\c@origlocation=\count197
\c@savedoriglocation=\count198
\c@origpublisher=\count199
\c@savedorigpublisher=\count266
\c@publisher=\count267
\c@savedpublisher=\count268
\c@language=\count269
\c@savedlanguage=\count270
\c@pageref=\count271
\c@savedpageref=\count272
\shorthandwidth=\skip55
\shortjournalwidth=\skip56
\shortserieswidth=\skip57
\shorttitlewidth=\skip58
\shortauthorwidth=\skip59
\shorteditorwidth=\skip60
Package biblatex Info: Trying to load compatibility code...
Package biblatex Info: ... file 'blx-compat.def' found.

(F:\ProgramFiles(x86)NoSpaces\MiKTeX2.9\tex\latex\biblatex\blx-compat.def
File: blx-compat.def 2015/04/19 v3.0 biblatex compatibility (PK/JW/AB)
)
Package biblatex Info: Trying to load generic definitions...
Package biblatex Info: ... file 'biblatex.def' found.

(F:\ProgramFiles(x86)NoSpaces\MiKTeX2.9\tex\latex\biblatex\biblatex.def
File: biblatex.def 
\c@textcitecount=\count273
\c@textcitetotal=\count274
\c@textcitemaxnames=\count275
\c@biburlnumpenalty=\count276
\c@biburlucpenalty=\count277
\c@biburllcpenalty=\count278
\c@smartand=\count279
)
Package biblatex Info: Trying to load natbib compatibility...
Package biblatex Info: ... file 'blx-natbib.def' found.

(F:\ProgramFiles(x86)NoSpaces\MiKTeX2.9\tex\latex\biblatex\blx-natbib.def
File: blx-natbib.def 2015/04/19 v3.0 biblatex compatibility (PK/JW/AB)
)
Package biblatex Info: Trying to load bibliography style 'numeric'...
Package biblatex Info: ... file 'numeric.bbx' found.

(F:\ProgramFiles(x86)NoSpaces\MiKTeX2.9\tex\latex\biblatex\bbx\numeric.bbx
File: numeric.bbx 2015/04/19 v3.0 biblatex bibliography style (PK/JW/AB)
Package biblatex Info: Trying to load bibliography style 'standard'...
Package biblatex Info: ... file 'standard.bbx' found.

(F:\ProgramFiles(x86)NoSpaces\MiKTeX2.9\tex\latex\biblatex\bbx\standard.bbx
File: standard.bbx 2015/04/19 v3.0 biblatex bibliography style (PK/JW/AB)
\c@bbx:relatedcount=\count280
\c@bbx:relatedtotal=\count281
))
Package biblatex Info: Trying to load citation style 'numeric'...
Package biblatex Info: ... file 'numeric.cbx' found.

(F:\ProgramFiles(x86)NoSpaces\MiKTeX2.9\tex\latex\biblatex\cbx\numeric.cbx
File: numeric.cbx 2015/04/19 v3.0 biblatex citation style (PK/JW/AB)
Package biblatex Info: Redefining '\cite'.
Package biblatex Info: Redefining '\parencite'.
Package biblatex Info: Redefining '\footcite'.
Package biblatex Info: Redefining '\footcitetext'.
Package biblatex Info: Redefining '\smartcite'.
Package biblatex Info: Redefining '\supercite'.
Package biblatex Info: Redefining '\textcite'.
Package biblatex Info: Redefining '\textcites'.
Package biblatex Info: Redefining '\cites'.
Package biblatex Info: Redefining '\parencites'.
Package biblatex Info: Redefining '\smartcites'.
)
Package biblatex Info: Trying to load configuration file...
Package biblatex Info: ... file 'biblatex.cfg' found.

(F:\ProgramFiles(x86)NoSpaces\MiKTeX2.9\tex\latex\biblatex\biblatex.cfg
File: biblatex.cfg 
)))
(F:\ProgramFiles(x86)NoSpaces\MiKTeX2.9\tex\latex\hyperref\hyperref.sty
Package: hyperref 2012/11/06 v6.83m Hypertext links for LaTeX

(F:\ProgramFiles(x86)NoSpaces\MiKTeX2.9\tex\generic\oberdiek\hobsub-hyperref.st
y
Package: hobsub-hyperref 2012/04/25 v1.12 Bundle oberdiek, subset hyperref (HO)


(F:\ProgramFiles(x86)NoSpaces\MiKTeX2.9\tex\generic\oberdiek\hobsub-generic.sty
Package: hobsub-generic 2012/04/25 v1.12 Bundle oberdiek, subset generic (HO)
Package: hobsub 2012/04/25 v1.12 Construct package bundles (HO)
Package hobsub Info: Skipping package `infwarerr' (already loaded).
Package hobsub Info: Skipping package `ltxcmds' (already loaded).
Package hobsub Info: Skipping package `ifluatex' (already loaded).
Package: ifvtex 2010/03/01 v1.5 Detect VTeX and its facilities (HO)
Package ifvtex Info: VTeX not detected.
Package: intcalc 2007/09/27 v1.1 Expandable calculations with integers (HO)
Package: ifpdf 2011/01/30 v2.3 Provides the ifpdf switch (HO)
Package ifpdf Info: pdfTeX in PDF mode is detected.
Package hobsub Info: Skipping package `etexcmds' (already loaded).
Package hobsub Info: Skipping package `kvsetkeys' (already loaded).
Package: kvdefinekeys 2011/04/07 v1.3 Define keys (HO)
Package: pdftexcmds 2011/11/29 v0.20 Utility functions of pdfTeX for LuaTeX (HO
)
Package pdftexcmds Info: LuaTeX not detected.
Package pdftexcmds Info: \pdf@primitive is available.
Package pdftexcmds Info: \pdf@ifprimitive is available.
Package pdftexcmds Info: \pdfdraftmode found.
Package: pdfescape 2011/11/25 v1.13 Implements pdfTeX's escape features (HO)
Package: bigintcalc 2012/04/08 v1.3 Expandable calculations on big integers (HO
)
Package: bitset 2011/01/30 v1.1 Handle bit-vector datatype (HO)
Package: uniquecounter 2011/01/30 v1.2 Provide unlimited unique counter (HO)
)
Package hobsub Info: Skipping package `hobsub' (already loaded).
Package: letltxmacro 2010/09/02 v1.4 Let assignment for LaTeX macros (HO)
Package: hopatch 2011/06/24 v1.1 Wrapper for package hooks (HO)
Package: xcolor-patch 2011/01/30 xcolor patch
Package: atveryend 2011/06/30 v1.8 Hooks at the very end of document (HO)
Package: atbegshi 2011/10/05 v1.16 At begin shipout hook (HO)
Package: refcount 2011/10/16 v3.4 Data extraction from label references (HO)
Package: hycolor 2011/01/30 v1.7 Color options for hyperref/bookmark (HO)
) (F:\ProgramFiles(x86)NoSpaces\MiKTeX2.9\tex\generic\ifxetex\ifxetex.sty
Package: ifxetex 2010/09/12 v0.6 Provides ifxetex conditional
)
(F:\ProgramFiles(x86)NoSpaces\MiKTeX2.9\tex\latex\oberdiek\auxhook.sty
Package: auxhook 2011/03/04 v1.3 Hooks for auxiliary files (HO)
)
\@linkdim=\dimen104
\Hy@linkcounter=\count282
\Hy@pagecounter=\count283

(F:\ProgramFiles(x86)NoSpaces\MiKTeX2.9\tex\latex\hyperref\pd1enc.def
File: pd1enc.def 2012/11/06 v6.83m Hyperref: PDFDocEncoding definition (HO)
Now handling font encoding PD1 ...
... no UTF-8 mapping file for font encoding PD1
)
\Hy@SavedSpaceFactor=\count284

(F:\ProgramFiles(x86)NoSpaces\MiKTeX2.9\tex\latex\00miktex\hyperref.cfg
File: hyperref.cfg 2002/06/06 v1.2 hyperref configuration of TeXLive
)
Package hyperref Info: Hyper figures OFF on input line 4443.
Package hyperref Info: Link nesting OFF on input line 4448.
Package hyperref Info: Hyper index ON on input line 4451.
Package hyperref Info: Plain pages OFF on input line 4458.
Package hyperref Info: Backreferencing OFF on input line 4463.
Package hyperref Info: Implicit mode ON; LaTeX internals redefined.
Package hyperref Info: Bookmarks ON on input line 4688.
\c@Hy@tempcnt=\count285
LaTeX Info: Redefining \url on input line 5041.
\XeTeXLinkMargin=\dimen105
\Fld@menulength=\count286
\Field@Width=\dimen106
\Fld@charsize=\dimen107
Package hyperref Info: Hyper figures OFF on input line 6295.
Package hyperref Info: Link nesting OFF on input line 6300.
Package hyperref Info: Hyper index ON on input line 6303.
Package hyperref Info: backreferencing OFF on input line 6310.
Package hyperref Info: Link coloring OFF on input line 6315.
Package hyperref Info: Link coloring with OCG OFF on input line 6320.
Package hyperref Info: PDF/A mode OFF on input line 6325.
LaTeX Info: Redefining \ref on input line 6365.
LaTeX Info: Redefining \pageref on input line 6369.
\Hy@abspage=\count287
\c@Item=\count288
\c@Hfootnote=\count289
)

Package hyperref Message: Driver (autodetected): hpdftex.

(F:\ProgramFiles(x86)NoSpaces\MiKTeX2.9\tex\latex\hyperref\hpdftex.def
File: hpdftex.def 2012/11/06 v6.83m Hyperref driver for pdfTeX
\Fld@listcount=\count290
\c@bookmark@seq@number=\count291

(F:\ProgramFiles(x86)NoSpaces\MiKTeX2.9\tex\latex\oberdiek\rerunfilecheck.sty
Package: rerunfilecheck 2011/04/15 v1.7 Rerun checks for auxiliary files (HO)
Package uniquecounter Info: New unique counter `rerunfilecheck' on input line 2
82.
)
\Hy@SectionHShift=\skip61
)
Package hyperref Info: Option `colorlinks' set `true' on input line 24.

Package csquotes Warning: Load 'inputenc' before 'csquotes' on input line 46.

Package csquotes Info: Checking for multilingual support...
Package csquotes Info: ... none found.

Package csquotes Warning: No multilingual support.
(csquotes)                Cannot enable multilingual quotes on input line 46.

Package biblatex Info: Trying to load language 'english'...
Package biblatex Info: ... file 'english.lbx' found.
(F:\ProgramFiles(x86)NoSpaces\MiKTeX2.9\tex\latex\biblatex\lbx\english.lbx
File: english.lbx 2015/04/19 v3.0 biblatex localization (PK/JW/AB)
)
(AllReferences.aux)
LaTeX Font Info:    Checking defaults for OML/cmm/m/it on input line 46.
LaTeX Font Info:    ... okay on input line 46.
LaTeX Font Info:    Checking defaults for T1/cmr/m/n on input line 46.
LaTeX Font Info:    ... okay on input line 46.
LaTeX Font Info:    Checking defaults for OT1/cmr/m/n on input line 46.
LaTeX Font Info:    ... okay on input line 46.
LaTeX Font Info:    Checking defaults for OMS/cmsy/m/n on input line 46.
LaTeX Font Info:    ... okay on input line 46.
LaTeX Font Info:    Checking defaults for OMX/cmex/m/n on input line 46.
LaTeX Font Info:    ... okay on input line 46.
LaTeX Font Info:    Checking defaults for U/cmr/m/n on input line 46.
LaTeX Font Info:    ... okay on input line 46.
LaTeX Font Info:    Checking defaults for PD1/pdf/m/n on input line 46.
LaTeX Font Info:    ... okay on input line 46.
Package biblatex Info: Input encoding 'utf8' detected.
Package biblatex Info: Automatic encoding selection.
(biblatex)             Assuming data encoding 'utf8'.
Package biblatex Info: Trying to load bibliographic data...
Package biblatex Info: ... file 'AllReferences.bbl' found.
 (AllReferences.bbl)
Package biblatex Info: Reference section=0 on input line 46.
Package biblatex Info: Reference segment=0 on input line 46.
\AtBeginShipoutBox=\box30
Package hyperref Info: Link coloring OFF on input line 46.

(F:\ProgramFiles(x86)NoSpaces\MiKTeX2.9\tex\latex\hyperref\nameref.sty
Package: nameref 2012/10/27 v2.43 Cross-referencing by name of section

(F:\ProgramFiles(x86)NoSpaces\MiKTeX2.9\tex\generic\oberdiek\gettitlestring.sty
Package: gettitlestring 2010/12/03 v1.4 Cleanup title references (HO)
)
\c@section@level=\count292
)
LaTeX Info: Redefining \ref on input line 46.
LaTeX Info: Redefining \pageref on input line 46.
LaTeX Info: Redefining \nameref on input line 46.
 (AllReferences.out) (AllReferences.out)
\@outlinefile=\write4
 [1

{C:/Users/drandreasdr/AppData/Local/MiKTeX/2.9/pdftex/config/pdftex.map}] [2] [
3] [4]
LaTeX Font Info:    External font `cmex10' loaded for size
(Font)              <7> on input line 449.
LaTeX Font Info:    External font `cmex10' loaded for size
(Font)              <5> on input line 449.

Overfull \hbox (175.40802pt too wide) in paragraph at lines 449--488
 [][] 
 []

[5] [6] [7]
Overfull \hbox (12.87662pt too wide) in paragraph at lines 559--559
\OT1/cmr/m/n/10 (2009), 4390{4399. \OT1/cmr/m/sc/10 issn\OT1/cmr/m/n/10 : 0017-
9310. \OT1/cmr/m/sc/10 doi\OT1/cmr/m/n/10 : []$\OT1/cmtt/m/n/10 10 . 1016 / j .
 ijheatmasstransfer .
 []

[8]

Package biblatex Warning: No driver for entry type 'other'.
(biblatex)                Using fallback driver on input line 558.


Overfull \hbox (25.18483pt too wide) in paragraph at lines 559--559
\OT1/cmr/m/it/10 Rail and Rapid Tran-sit \OT1/cmr/bx/n/10 219\OT1/cmr/m/n/10 .3
 (2005), 177{187. \OT1/cmr/m/sc/10 doi\OT1/cmr/m/n/10 : []$\OT1/cmtt/m/n/10 10 
. 1243 / 095440905X8871$[]\OT1/cmr/m/n/10 .
 []

[9] [10]

Package biblatex Warning: No driver for entry type 'other'.
(biblatex)                Using fallback driver on input line 558.


Package biblatex Warning: No driver for entry type 'other'.
(biblatex)                Using fallback driver on input line 558.

[11]
Overfull \hbox (5.91895pt too wide) in paragraph at lines 559--559
\OT1/cmr/m/it/10 chan-i-cal En-gi-neers, Part J: Jour-nal of En-gi-neer-ing Tri
-bol-ogy \OT1/cmr/bx/n/10 226\OT1/cmr/m/n/10 .1 (2012),
 []


Package biblatex Warning: No driver for entry type 'other'.
(biblatex)                Using fallback driver on input line 558.


Overfull \hbox (3.55019pt too wide) in paragraph at lines 559--559
\OT1/cmr/m/n/10 tive and multi-grid tech-niques". \OT1/cmr/m/it/10 In-ter-na-ti
onal Jour-nal for Nu-mer-i-cal Meth-
 []

[12]
Overfull \hbox (6.48207pt too wide) in paragraph at lines 559--559
\OT1/cmr/m/n/10 switches & cross-ings". \OT1/cmr/m/it/10 Wear \OT1/cmr/bx/n/10 
271\OT1/cmr/m/n/10 .1--2 (May 2011), 472{481. \OT1/cmr/m/sc/10 issn\OT1/cmr/m/n
/10 : 00431648.
 []


Overfull \hbox (9.05113pt too wide) in paragraph at lines 559--559
[]\OT1/cmr/m/n/10 G. Zavarise et al. \  Real con-tact mech-a-nisms and fi-nite 
el-e-ment formulation--
 []


Overfull \hbox (20.67635pt too wide) in paragraph at lines 559--559
[]$\OT1/cmtt/m/n/10 10 . 1098 / rspa . 1926 . 0100$[]\OT1/cmr/m/n/10 . eprint: 
[]$\OT1/cmtt/m/n/10 http : / / rspa . royalsocietypublishing .
 []

[13]
Overfull \hbox (5.57101pt too wide) in paragraph at lines 559--559
\OT1/cmr/m/n/10 line upwind/Petrov-Galerkin for-mu-la-tion us-ing quadratic el-
e-ments". \OT1/cmr/m/it/10 Com-
 []

[14]
Overfull \hbox (1.3065pt too wide) in paragraph at lines 559--559
[]\OT1/cmr/m/n/10 A. A. Ams-den and C. W. Hirt. \OT1/cmr/m/it/10 YAQUI, an Ar-b
i-trary Lagrangian-Eulerian
 []


Overfull \hbox (1.0644pt too wide) in paragraph at lines 559--559
[]\OT1/cmr/m/n/10 T. J. R. Hughes. \  Mul-ti-scale phe-nom-ena: Green's func-ti
ons, the Dirichlet-
 []

[15]
Overfull \hbox (4.81653pt too wide) in paragraph at lines 559--559
\OT1/cmr/m/it/10 Com-puter Meth-ods in Ap-plied Me-chan-ics and En-gi-neer-ing 
\OT1/cmr/bx/n/10 117\OT1/cmr/m/n/10 .1--2 (1994),
 []


Overfull \hbox (11.03723pt too wide) in paragraph at lines 559--559
[]\OT1/cmr/m/n/10 F. Brezzi et al. \  A pri-ori er-ror anal-y-sis of residual-f
ree bub-bles for advection-
 []

[16]
Overfull \hbox (10.61847pt too wide) in paragraph at lines 559--559
\OT1/cmr/m/n/10 siently mov-ing/rolling non-lin-ear vis-coelas-tic structure---
III. Im-pact/contact
 []

[17] [18]
Overfull \hbox (8.09073pt too wide) in paragraph at lines 559--559
\OT1/cmr/m/n/10 (2004). <ce:title>The Ar-bi-trary Lagrangian-Eulerian For-mu-la
-tion</ce:title>,
 []

[19]
Overfull \hbox (3.5883pt too wide) in paragraph at lines 559--559
\OT1/cmr/m/n/10 Lagrangian--Eulerian de-scrip-tion". \OT1/cmr/m/it/10 Com-pu-ta
-tional Me-chan-ics \OT1/cmr/bx/n/10 54\OT1/cmr/m/n/10 .2 (2014),
 []


Overfull \hbox (16.59267pt too wide) in paragraph at lines 559--559
\OT1/cmr/m/it/10 rolling and slid-ing con-tact model\OT1/cmr/m/n/10 . Tech. rep
. TR09-03, ver-sion 13.1. VORTech,
 []


Overfull \hbox (4.92648pt too wide) in paragraph at lines 559--559
\OT1/cmtt/m/n/10 1098 / rspa . 1971 . 0141$[]\OT1/cmr/m/n/10 . eprint: []$\OT1/
cmtt/m/n/10 http : / / rspa . royalsocietypublishing .
 []


Overfull \hbox (4.45496pt too wide) in paragraph at lines 559--559
\OT1/cmr/m/n/10 bod-ies". \OT1/cmr/m/it/10 Comptes Ren-dus (Dok-lady) de l'Acad
emie des Sci-ences de l'URSS
 []

[20]
Overfull \hbox (1.51753pt too wide) in paragraph at lines 559--559
\OT1/cmr/m/it/10 Its ba-sis and fun-da-men-tals\OT1/cmr/m/n/10 . Am-s-ter-dam B
oston: Butterworth-Heinemann,
 []


Overfull \hbox (15.0629pt too wide) in paragraph at lines 559--559
\OT1/cmr/m/n/10 siently mov-ing/rolling non-lin-ear vis-coelas-tic struc-ture -
-- III. Im-pact/contact
 []


Overfull \hbox (5.91895pt too wide) in paragraph at lines 559--559
\OT1/cmr/m/it/10 chan-i-cal En-gi-neers, Part J: Jour-nal of En-gi-neer-ing Tri
-bol-ogy \OT1/cmr/bx/n/10 229\OT1/cmr/m/n/10 .7 (2015),
 []


Overfull \hbox (7.81143pt too wide) in paragraph at lines 559--559
\OT1/cmr/m/n/10 870{880. \OT1/cmr/m/sc/10 doi\OT1/cmr/m/n/10 : []$\OT1/cmtt/m/n
/10 10 . 1177 / 1350650115572197$[]\OT1/cmr/m/n/10 . eprint: []$\OT1/cmtt/m/n/1
0 http : / / pij . sagepub .
 []

[21]
Overfull \hbox (20.67635pt too wide) in paragraph at lines 559--559
[]$\OT1/cmtt/m/n/10 10 . 1098 / rstl . 1859 . 0005$[]\OT1/cmr/m/n/10 . eprint: 
[]$\OT1/cmtt/m/n/10 http : / / rstl . royalsocietypublishing .
 []

[22]
Overfull \hbox (16.80042pt too wide) in paragraph at lines 559--559
\OT1/cmr/m/it/10 ing \OT1/cmr/bx/n/10 14\OT1/cmr/m/n/10 .9 (1979), 1293{1307. \
OT1/cmr/m/sc/10 issn\OT1/cmr/m/n/10 : 1097-0207. \OT1/cmr/m/sc/10 doi\OT1/cmr/m
/n/10 : []$\OT1/cmtt/m/n/10 10 . 1002 / nme . 1620140904$[]\OT1/cmr/m/n/10 . 
 []

[23]
Overfull \hbox (20.86932pt too wide) in paragraph at lines 559--559
[]\OT1/cmr/m/n/10 G. Du-vaut and J. L. Li-ons. \OT1/cmr/m/it/10 In-equal-i-ties
 in me-chan-ics and physics\OT1/cmr/m/n/10 . Grundlehren
 []


Overfull \hbox (36.55612pt too wide) in paragraph at lines 559--559
\OT1/cmr/m/n/10 der math-e-ma-tis-chen Wis-senschaften. Springer-Verlag, 1976. 
\OT1/cmr/m/sc/10 isbn\OT1/cmr/m/n/10 : 9783540073277. 
 []


Overfull \hbox (4.1318pt too wide) in paragraph at lines 559--559
[]\OT1/cmr/m/n/10 M. Souli, A. Ouah-sine, and L. Lewin. \  ALE for-mu-la-tion f
or fluid--structure
 []


Overfull \hbox (10.81252pt too wide) in paragraph at lines 559--559
\OT1/cmr/m/n/10 element method". \OT1/cmr/m/it/10 Jour-nal of Ma-te-ri-als Pro-
cess-ing Tech-nol-ogy \OT1/cmr/bx/n/10 103\OT1/cmr/m/n/10 .2 (2000),
 []

[24]
Overfull \hbox (0.40468pt too wide) in paragraph at lines 559--559
\OT1/cmr/bx/n/10 12\OT1/cmr/m/n/10 .9 (1978), 1359{1365. \OT1/cmr/m/sc/10 issn\
OT1/cmr/m/n/10 : 1097-0207. \OT1/cmr/m/sc/10 doi\OT1/cmr/m/n/10 : []$\OT1/cmtt/
m/n/10 10 . 1002 / nme . 1620120904$[]\OT1/cmr/m/n/10 . 
 []


Overfull \hbox (8.37276pt too wide) in paragraph at lines 559--559
[]\OT1/cmr/m/n/10 J. C. Hein-rich et al. \  An 'up-wind' fi-nite el-e-ment sche
me for two-dimensional
 []


Overfull \hbox (6.35576pt too wide) in paragraph at lines 559--559
\OT1/cmr/m/n/10 con-vec-tive trans-port equa-tion". \OT1/cmr/m/it/10 In-ter-na-
tional Jour-nal for Nu-mer-i-cal Meth-
 []


Overfull \hbox (1.995pt too wide) in paragraph at lines 559--559
[]\OT1/cmr/m/n/10 F. Brezzi, L. P. Franca, and A. Russo. \  Fur-ther con-sid-er
-a-tions on residual-
 []

[25]
Overfull \hbox (10.42104pt too wide) in paragraph at lines 559--559
\OT1/cmr/m/n/10 pen-du-lum". \OT1/cmr/m/it/10 Con-trol Con-fer-ence (ECC), 2013
 Eu-ro-pean\OT1/cmr/m/n/10 . July 2013, pp. 268{
 []

[26]
Overfull \hbox (9.30623pt too wide) in paragraph at lines 559--559
\OT1/cmr/m/n/10 Steady-State Rolling Con-tact In-clud-ing Creep Us-ing a Fast S
emi-Analytical
 []

Package atveryend Info: Empty hook `BeforeClearDocument' on input line 559.
[27]
Package atveryend Info: Empty hook `AfterLastShipout' on input line 559.
 (AllReferences.aux)
Package atveryend Info: Executing hook `AtVeryEndDocument' on input line 559.
Package atveryend Info: Executing hook `AtEndAfterFileList' on input line 559.
Package rerunfilecheck Info: File `AllReferences.out' has not changed.
(rerunfilecheck)             Checksum: D59B3772F2CEBF7F0CB312BCA1A9A6E2;50.
Package logreq Info: Writing requests to 'AllReferences.run.xml'.
 ) 
Here is how much of TeX's memory you used:
 10917 strings out of 493636
 185677 string characters out of 3139308
 658674 words of memory out of 3000000
 13975 multiletter control sequences out of 15000+200000
 5368 words of font info for 20 fonts, out of 3000000 for 9000
 1025 hyphenation exceptions out of 8191
 44i,8n,55p,2047b,1159s stack positions out of 5000i,500n,10000p,200000b,50000s
<F:/ProgramFiles(x86)NoSpaces/MiKTeX2.9/fonts/type1/public/amsfonts/cm/cmbx10
.pfb><F:/ProgramFiles(x86)NoSpaces/MiKTeX2.9/fonts/type1/public/amsfonts/cm/cmb
x12.pfb><F:/ProgramFiles(x86)NoSpaces/MiKTeX2.9/fonts/type1/public/amsfonts/cm/
cmcsc10.pfb><F:/ProgramFiles(x86)NoSpaces/MiKTeX2.9/fonts/type1/public/amsfonts
/cm/cmex10.pfb><F:/ProgramFiles(x86)NoSpaces/MiKTeX2.9/fonts/type1/public/amsfo
nts/cm/cmmi10.pfb><F:/ProgramFiles(x86)NoSpaces/MiKTeX2.9/fonts/type1/public/am
sfonts/cm/cmr10.pfb><F:/ProgramFiles(x86)NoSpaces/MiKTeX2.9/fonts/type1/public/
amsfonts/cm/cmti10.pfb><F:/ProgramFiles(x86)NoSpaces/MiKTeX2.9/fonts/type1/publ
ic/amsfonts/cm/cmtt10.pfb>
Output written on AllReferences.pdf (27 pages, 372817 bytes).
PDF statistics:
 1155 PDF objects out of 1200 (max. 8388607)
 255 named destinations out of 1000 (max. 500000)
 9 words of extra memory for PDF output out of 10000 (max. 10000000)

